[2023-03-10 03:52:03] production.ERROR: file_put_contents(F:\PHP\laragon\www\elitetailor\@core\storage\framework/cache/data/6b/51/6b51f748dadced6043ab40921223fb0c6eea2c01): Failed to open stream: Permission denied {"exception":"[object] (ErrorException(code: 0): file_put_contents(F:\\PHP\\laragon\\www\\elitetailor\\@core\\storage\\framework/cache/data/6b/51/6b51f748dadced6043ab40921223fb0c6eea2c01): Failed to open stream: Permission denied at F:\\PHP\\laragon\\www\\elitetailor\\@core\\vendor\\laravel\\framework\\src\\Illuminate\\Filesystem\\Filesystem.php:187)
[stacktrace]
#0 [internal function]: Illuminate\\Foundation\\Bootstrap\\HandleExceptions->handleError(2, 'file_put_conten...', 'F:\\\\PHP\\\\laragon\\\\...', 187)
#1 F:\\PHP\\laragon\\www\\elitetailor\\@core\\vendor\\laravel\\framework\\src\\Illuminate\\Filesystem\\Filesystem.php(187): file_put_contents('F:\\\\PHP\\\\laragon\\\\...', '1678506723O:16:...', 2)
#2 F:\\PHP\\laragon\\www\\elitetailor\\@core\\vendor\\laravel\\framework\\src\\Illuminate\\Cache\\FileStore.php(77): Illuminate\\Filesystem\\Filesystem->put('F:\\\\PHP\\\\laragon\\\\...', '1678506723O:16:...', true)
#3 F:\\PHP\\laragon\\www\\elitetailor\\@core\\vendor\\laravel\\framework\\src\\Illuminate\\Cache\\Repository.php(213): Illuminate\\Cache\\FileStore->put('product_page_sl...', Object(App\\StaticOption), 86400)
#4 F:\\PHP\\laragon\\www\\elitetailor\\@core\\vendor\\laravel\\framework\\src\\Illuminate\\Cache\\Repository.php(391): Illuminate\\Cache\\Repository->put('product_page_sl...', Object(App\\StaticOption), 86400)
#5 F:\\PHP\\laragon\\www\\elitetailor\\@core\\vendor\\laravel\\framework\\src\\Illuminate\\Cache\\CacheManager.php(418): Illuminate\\Cache\\Repository->remember('product_page_sl...', 86400, Object(Closure))
#6 F:\\PHP\\laragon\\www\\elitetailor\\@core\\vendor\\laravel\\framework\\src\\Illuminate\\Support\\Facades\\Facade.php(261): Illuminate\\Cache\\CacheManager->__call('remember', Array)
#7 F:\\PHP\\laragon\\www\\elitetailor\\@core\\app\\Helpers\\helpers.php(155): Illuminate\\Support\\Facades\\Facade::__callStatic('remember', Array)
#8 F:\\PHP\\laragon\\www\\elitetailor\\@core\outes\\web.php(122): get_static_option('product_page_sl...')
#9 F:\\PHP\\laragon\\www\\elitetailor\\@core\\vendor\\laravel\\framework\\src\\Illuminate\\Routing\\Router.php(423): Illuminate\\Routing\\RouteFileRegistrar->{closure}(Object(Illuminate\\Routing\\Router))
#10 F:\\PHP\\laragon\\www\\elitetailor\\@core\\vendor\\laravel\\framework\\src\\Illuminate\\Routing\\Router.php(382): Illuminate\\Routing\\Router->loadRoutes(Object(Closure))
#11 F:\\PHP\\laragon\\www\\elitetailor\\@core\\vendor\\laravel\\framework\\src\\Illuminate\\Support\\Facades\\Facade.php(261): Illuminate\\Routing\\Router->group(Array, Object(Closure))
#12 F:\\PHP\\laragon\\www\\elitetailor\\@core\outes\\web.php(316): Illuminate\\Support\\Facades\\Facade::__callStatic('group', Array)
#13 F:\\PHP\\laragon\\www\\elitetailor\\@core\\vendor\\laravel\\framework\\src\\Illuminate\\Routing\\RouteFileRegistrar.php(35): require('F:\\\\PHP\\\\laragon\\\\...')
#14 F:\\PHP\\laragon\\www\\elitetailor\\@core\\vendor\\laravel\\framework\\src\\Illuminate\\Routing\\Router.php(425): Illuminate\\Routing\\RouteFileRegistrar->register('F:\\\\PHP\\\\laragon\\\\...')
#15 F:\\PHP\\laragon\\www\\elitetailor\\@core\\vendor\\laravel\\framework\\src\\Illuminate\\Routing\\Router.php(382): Illuminate\\Routing\\Router->loadRoutes('F:\\\\PHP\\\\laragon\\\\...')
#16 F:\\PHP\\laragon\\www\\elitetailor\\@core\\vendor\\laravel\\framework\\src\\Illuminate\\Routing\\RouteRegistrar.php(163): Illuminate\\Routing\\Router->group(Array, 'F:\\\\PHP\\\\laragon\\\\...')
#17 F:\\PHP\\laragon\\www\\elitetailor\\@core\\app\\Providers\\RouteServiceProvider.php(56): Illuminate\\Routing\\RouteRegistrar->group('F:\\\\PHP\\\\laragon\\\\...')
#18 F:\\PHP\\laragon\\www\\elitetailor\\@core\\app\\Providers\\RouteServiceProvider.php(40): App\\Providers\\RouteServiceProvider->mapWebRoutes()
#19 F:\\PHP\\laragon\\www\\elitetailor\\@core\\vendor\\laravel\\framework\\src\\Illuminate\\Container\\BoundMethod.php(36): App\\Providers\\RouteServiceProvider->map()
#20 F:\\PHP\\laragon\\www\\elitetailor\\@core\\vendor\\laravel\\framework\\src\\Illuminate\\Container\\Util.php(40): Illuminate\\Container\\BoundMethod::Illuminate\\Container\\{closure}()
#21 F:\\PHP\\laragon\\www\\elitetailor\\@core\\vendor\\laravel\\framework\\src\\Illuminate\\Container\\BoundMethod.php(93): Illuminate\\Container\\Util::unwrapIfClosure(Object(Closure))
#22 F:\\PHP\\laragon\\www\\elitetailor\\@core\\vendor\\laravel\\framework\\src\\Illuminate\\Container\\BoundMethod.php(37): Illuminate\\Container\\BoundMethod::callBoundMethod(Object(Illuminate\\Foundation\\Application), Array, Object(Closure))
#23 F:\\PHP\\laragon\\www\\elitetailor\\@core\\vendor\\laravel\\framework\\src\\Illuminate\\Container\\Container.php(653): Illuminate\\Container\\BoundMethod::call(Object(Illuminate\\Foundation\\Application), Array, Array, NULL)
#24 F:\\PHP\\laragon\\www\\elitetailor\\@core\\vendor\\laravel\\framework\\src\\Illuminate\\Foundation\\Support\\Providers\\RouteServiceProvider.php(122): Illuminate\\Container\\Container->call(Array)
#25 F:\\PHP\\laragon\\www\\elitetailor\\@core\\vendor\\laravel\\framework\\src\\Illuminate\\Foundation\\Support\\Providers\\RouteServiceProvider.php(45): Illuminate\\Foundation\\Support\\Providers\\RouteServiceProvider->loadRoutes()
#26 F:\\PHP\\laragon\\www\\elitetailor\\@core\\vendor\\laravel\\framework\\src\\Illuminate\\Container\\BoundMethod.php(36): Illuminate\\Foundation\\Support\\Providers\\RouteServiceProvider->Illuminate\\Foundation\\Support\\Providers\\{closure}()
#27 F:\\PHP\\laragon\\www\\elitetailor\\@core\\vendor\\laravel\\framework\\src\\Illuminate\\Container\\Util.php(40): Illuminate\\Container\\BoundMethod::Illuminate\\Container\\{closure}()
#28 F:\\PHP\\laragon\\www\\elitetailor\\@core\\vendor\\laravel\\framework\\src\\Illuminate\\Container\\BoundMethod.php(81): Illuminate\\Container\\Util::unwrapIfClosure(Object(Closure))
#29 F:\\PHP\\laragon\\www\\elitetailor\\@core\\vendor\\laravel\\framework\\src\\Illuminate\\Container\\BoundMethod.php(37): Illuminate\\Container\\BoundMethod::callBoundMethod(Object(Illuminate\\Foundation\\Application), Object(Closure), Object(Closure))
#30 F:\\PHP\\laragon\\www\\elitetailor\\@core\\vendor\\laravel\\framework\\src\\Illuminate\\Container\\Container.php(653): Illuminate\\Container\\BoundMethod::call(Object(Illuminate\\Foundation\\Application), Object(Closure), Array, NULL)
#31 F:\\PHP\\laragon\\www\\elitetailor\\@core\\vendor\\laravel\\framework\\src\\Illuminate\\Support\\ServiceProvider.php(119): Illuminate\\Container\\Container->call(Object(Closure))
#32 F:\\PHP\\laragon\\www\\elitetailor\\@core\\vendor\\laravel\\framework\\src\\Illuminate\\Foundation\\Application.php(927): Illuminate\\Support\\ServiceProvider->callBootedCallbacks()
#33 F:\\PHP\\laragon\\www\\elitetailor\\@core\\vendor\\laravel\\framework\\src\\Illuminate\\Foundation\\Application.php(905): Illuminate\\Foundation\\Application->bootProvider(Object(App\\Providers\\RouteServiceProvider))
#34 [internal function]: Illuminate\\Foundation\\Application->Illuminate\\Foundation\\{closure}(Object(App\\Providers\\RouteServiceProvider), 44)
#35 F:\\PHP\\laragon\\www\\elitetailor\\@core\\vendor\\laravel\\framework\\src\\Illuminate\\Foundation\\Application.php(906): array_walk(Array, Object(Closure))
#36 F:\\PHP\\laragon\\www\\elitetailor\\@core\\vendor\\laravel\\framework\\src\\Illuminate\\Foundation\\Bootstrap\\BootProviders.php(17): Illuminate\\Foundation\\Application->boot()
#37 F:\\PHP\\laragon\\www\\elitetailor\\@core\\vendor\\laravel\\framework\\src\\Illuminate\\Foundation\\Application.php(237): Illuminate\\Foundation\\Bootstrap\\BootProviders->bootstrap(Object(Illuminate\\Foundation\\Application))
#38 F:\\PHP\\laragon\\www\\elitetailor\\@core\\vendor\\laravel\\framework\\src\\Illuminate\\Foundation\\Http\\Kernel.php(153): Illuminate\\Foundation\\Application->bootstrapWith(Array)
#39 F:\\PHP\\laragon\\www\\elitetailor\\@core\\vendor\\laravel\\framework\\src\\Illuminate\\Foundation\\Http\\Kernel.php(137): Illuminate\\Foundation\\Http\\Kernel->bootstrap()
#40 F:\\PHP\\laragon\\www\\elitetailor\\@core\\vendor\\laravel\\framework\\src\\Illuminate\\Foundation\\Http\\Kernel.php(111): Illuminate\\Foundation\\Http\\Kernel->sendRequestThroughRouter(Object(Illuminate\\Http\\Request))
#41 F:\\PHP\\laragon\\www\\elitetailor\\index.php(72): Illuminate\\Foundation\\Http\\Kernel->handle(Object(Illuminate\\Http\\Request))
#42 {main}
"} 
[2023-03-10 03:52:04] production.ERROR: Route [homepage] not defined. (View: F:\PHP\laragon\www\elitetailor\@core\resources\views\errors\500.blade.php) {"view":{"view":"F:\\PHP\\laragon\\www\\elitetailor\\@core\\vendor\\laravel\\framework\\src\\Illuminate\\Routing\\UrlGenerator.php","data":[]},"exception":"[object] (Facade\\Ignition\\Exceptions\\ViewException(code: 0): Route [homepage] not defined. (View: F:\\PHP\\laragon\\www\\elitetailor\\@core\esources\\views\\errors\\500.blade.php) at F:\\PHP\\laragon\\www\\elitetailor\\@core\\vendor\\laravel\\framework\\src\\Illuminate\\Routing\\UrlGenerator.php:444)
[stacktrace]
#0 F:\\PHP\\laragon\\www\\elitetailor\\@core\\vendor\\laravel\\framework\\src\\Illuminate\\Foundation\\helpers.php(739): Illuminate\\Routing\\UrlGenerator->route('homepage', Array, true)
#1 F:\\PHP\\laragon\\www\\elitetailor\\@core\esources\\views/errors/500.blade.php(139): route('homepage')
#2 F:\\PHP\\laragon\\www\\elitetailor\\@core\\vendor\\laravel\\framework\\src\\Illuminate\\Filesystem\\Filesystem.php(107): require('F:\\\\PHP\\\\laragon\\\\...')
#3 F:\\PHP\\laragon\\www\\elitetailor\\@core\\vendor\\laravel\\framework\\src\\Illuminate\\Filesystem\\Filesystem.php(108): Illuminate\\Filesystem\\Filesystem::Illuminate\\Filesystem\\{closure}()
#4 F:\\PHP\\laragon\\www\\elitetailor\\@core\\vendor\\laravel\\framework\\src\\Illuminate\\View\\Engines\\PhpEngine.php(58): Illuminate\\Filesystem\\Filesystem->getRequire('F:\\\\PHP\\\\laragon\\\\...', Array)
#5 F:\\PHP\\laragon\\www\\elitetailor\\@core\\vendor\\laravel\\framework\\src\\Illuminate\\View\\Engines\\CompilerEngine.php(61): Illuminate\\View\\Engines\\PhpEngine->evaluatePath('F:\\\\PHP\\\\laragon\\\\...', Array)
#6 F:\\PHP\\laragon\\www\\elitetailor\\@core\\vendor\\facade\\ignition\\src\\Views\\Engines\\CompilerEngine.php(37): Illuminate\\View\\Engines\\CompilerEngine->get('F:\\\\PHP\\\\laragon\\\\...', Array)
#7 F:\\PHP\\laragon\\www\\elitetailor\\@core\\vendor\\laravel\\framework\\src\\Illuminate\\View\\View.php(139): Facade\\Ignition\\Views\\Engines\\CompilerEngine->get('F:\\\\PHP\\\\laragon\\\\...', Array)
#8 F:\\PHP\\laragon\\www\\elitetailor\\@core\\vendor\\laravel\\framework\\src\\Illuminate\\View\\View.php(122): Illuminate\\View\\View->getContents()
#9 F:\\PHP\\laragon\\www\\elitetailor\\@core\\vendor\\laravel\\framework\\src\\Illuminate\\View\\View.php(91): Illuminate\\View\\View->renderContents()
#10 F:\\PHP\\laragon\\www\\elitetailor\\@core\\vendor\\laravel\\framework\\src\\Illuminate\\Http\\Response.php(69): Illuminate\\View\\View->render()
#11 F:\\PHP\\laragon\\www\\elitetailor\\@core\\vendor\\laravel\\framework\\src\\Illuminate\\Http\\Response.php(35): Illuminate\\Http\\Response->setContent(Object(Illuminate\\View\\View))
#12 F:\\PHP\\laragon\\www\\elitetailor\\@core\\vendor\\laravel\\framework\\src\\Illuminate\\Routing\\ResponseFactory.php(55): Illuminate\\Http\\Response->__construct(Object(Illuminate\\View\\View), 500, Array)
#13 F:\\PHP\\laragon\\www\\elitetailor\\@core\\vendor\\laravel\\framework\\src\\Illuminate\\Routing\\ResponseFactory.php(85): Illuminate\\Routing\\ResponseFactory->make(Object(Illuminate\\View\\View), 500, Array)
#14 F:\\PHP\\laragon\\www\\elitetailor\\@core\\vendor\\laravel\\framework\\src\\Illuminate\\Foundation\\Exceptions\\Handler.php(585): Illuminate\\Routing\\ResponseFactory->view('errors::500', Array, 500, Array)
#15 F:\\PHP\\laragon\\www\\elitetailor\\@core\\vendor\\laravel\\framework\\src\\Illuminate\\Foundation\\Exceptions\\Handler.php(490): Illuminate\\Foundation\\Exceptions\\Handler->renderHttpException(Object(Symfony\\Component\\HttpKernel\\Exception\\HttpException))
#16 F:\\PHP\\laragon\\www\\elitetailor\\@core\\vendor\\laravel\\framework\\src\\Illuminate\\Foundation\\Exceptions\\Handler.php(356): Illuminate\\Foundation\\Exceptions\\Handler->prepareResponse(Object(Illuminate\\Http\\Request), Object(Symfony\\Component\\HttpKernel\\Exception\\HttpException))
#17 F:\\PHP\\laragon\\www\\elitetailor\\@core\\app\\Exceptions\\Handler.php(56): Illuminate\\Foundation\\Exceptions\\Handler->render(Object(Illuminate\\Http\\Request), Object(ErrorException))
#18 F:\\PHP\\laragon\\www\\elitetailor\\@core\\vendor\\laravel\\framework\\src\\Illuminate\\Foundation\\Http\\Kernel.php(427): App\\Exceptions\\Handler->render(Object(Illuminate\\Http\\Request), Object(ErrorException))
#19 F:\\PHP\\laragon\\www\\elitetailor\\@core\\vendor\\laravel\\framework\\src\\Illuminate\\Foundation\\Http\\Kernel.php(115): Illuminate\\Foundation\\Http\\Kernel->renderException(Object(Illuminate\\Http\\Request), Object(ErrorException))
#20 F:\\PHP\\laragon\\www\\elitetailor\\index.php(72): Illuminate\\Foundation\\Http\\Kernel->handle(Object(Illuminate\\Http\\Request))
#21 {main}

[previous exception] [object] (Symfony\\Component\\Routing\\Exception\\RouteNotFoundException(code: 0): Route [homepage] not defined. at F:\\PHP\\laragon\\www\\elitetailor\\@core\\vendor\\laravel\\framework\\src\\Illuminate\\Routing\\UrlGenerator.php:444)
[stacktrace]
#0 F:\\PHP\\laragon\\www\\elitetailor\\@core\\vendor\\laravel\\framework\\src\\Illuminate\\Foundation\\helpers.php(739): Illuminate\\Routing\\UrlGenerator->route('homepage', Array, true)
#1 F:\\PHP\\laragon\\www\\elitetailor\\@core\\storage\\framework\\views\\286912b47884d09a5ad1b54baff0ee0d94abfeb1.php(139): route('homepage')
#2 F:\\PHP\\laragon\\www\\elitetailor\\@core\\vendor\\laravel\\framework\\src\\Illuminate\\Filesystem\\Filesystem.php(107): require('F:\\\\PHP\\\\laragon\\\\...')
#3 F:\\PHP\\laragon\\www\\elitetailor\\@core\\vendor\\laravel\\framework\\src\\Illuminate\\Filesystem\\Filesystem.php(108): Illuminate\\Filesystem\\Filesystem::Illuminate\\Filesystem\\{closure}()
#4 F:\\PHP\\laragon\\www\\elitetailor\\@core\\vendor\\laravel\\framework\\src\\Illuminate\\View\\Engines\\PhpEngine.php(58): Illuminate\\Filesystem\\Filesystem->getRequire('F:\\\\PHP\\\\laragon\\\\...', Array)
#5 F:\\PHP\\laragon\\www\\elitetailor\\@core\\vendor\\laravel\\framework\\src\\Illuminate\\View\\Engines\\CompilerEngine.php(61): Illuminate\\View\\Engines\\PhpEngine->evaluatePath('F:\\\\PHP\\\\laragon\\\\...', Array)
#6 F:\\PHP\\laragon\\www\\elitetailor\\@core\\vendor\\facade\\ignition\\src\\Views\\Engines\\CompilerEngine.php(37): Illuminate\\View\\Engines\\CompilerEngine->get('F:\\\\PHP\\\\laragon\\\\...', Array)
#7 F:\\PHP\\laragon\\www\\elitetailor\\@core\\vendor\\laravel\\framework\\src\\Illuminate\\View\\View.php(139): Facade\\Ignition\\Views\\Engines\\CompilerEngine->get('F:\\\\PHP\\\\laragon\\\\...', Array)
#8 F:\\PHP\\laragon\\www\\elitetailor\\@core\\vendor\\laravel\\framework\\src\\Illuminate\\View\\View.php(122): Illuminate\\View\\View->getContents()
#9 F:\\PHP\\laragon\\www\\elitetailor\\@core\\vendor\\laravel\\framework\\src\\Illuminate\\View\\View.php(91): Illuminate\\View\\View->renderContents()
#10 F:\\PHP\\laragon\\www\\elitetailor\\@core\\vendor\\laravel\\framework\\src\\Illuminate\\Http\\Response.php(69): Illuminate\\View\\View->render()
#11 F:\\PHP\\laragon\\www\\elitetailor\\@core\\vendor\\laravel\\framework\\src\\Illuminate\\Http\\Response.php(35): Illuminate\\Http\\Response->setContent(Object(Illuminate\\View\\View))
#12 F:\\PHP\\laragon\\www\\elitetailor\\@core\\vendor\\laravel\\framework\\src\\Illuminate\\Routing\\ResponseFactory.php(55): Illuminate\\Http\\Response->__construct(Object(Illuminate\\View\\View), 500, Array)
#13 F:\\PHP\\laragon\\www\\elitetailor\\@core\\vendor\\laravel\\framework\\src\\Illuminate\\Routing\\ResponseFactory.php(85): Illuminate\\Routing\\ResponseFactory->make(Object(Illuminate\\View\\View), 500, Array)
#14 F:\\PHP\\laragon\\www\\elitetailor\\@core\\vendor\\laravel\\framework\\src\\Illuminate\\Foundation\\Exceptions\\Handler.php(585): Illuminate\\Routing\\ResponseFactory->view('errors::500', Array, 500, Array)
#15 F:\\PHP\\laragon\\www\\elitetailor\\@core\\vendor\\laravel\\framework\\src\\Illuminate\\Foundation\\Exceptions\\Handler.php(490): Illuminate\\Foundation\\Exceptions\\Handler->renderHttpException(Object(Symfony\\Component\\HttpKernel\\Exception\\HttpException))
#16 F:\\PHP\\laragon\\www\\elitetailor\\@core\\vendor\\laravel\\framework\\src\\Illuminate\\Foundation\\Exceptions\\Handler.php(356): Illuminate\\Foundation\\Exceptions\\Handler->prepareResponse(Object(Illuminate\\Http\\Request), Object(Symfony\\Component\\HttpKernel\\Exception\\HttpException))
#17 F:\\PHP\\laragon\\www\\elitetailor\\@core\\app\\Exceptions\\Handler.php(56): Illuminate\\Foundation\\Exceptions\\Handler->render(Object(Illuminate\\Http\\Request), Object(ErrorException))
#18 F:\\PHP\\laragon\\www\\elitetailor\\@core\\vendor\\laravel\\framework\\src\\Illuminate\\Foundation\\Http\\Kernel.php(427): App\\Exceptions\\Handler->render(Object(Illuminate\\Http\\Request), Object(ErrorException))
#19 F:\\PHP\\laragon\\www\\elitetailor\\@core\\vendor\\laravel\\framework\\src\\Illuminate\\Foundation\\Http\\Kernel.php(115): Illuminate\\Foundation\\Http\\Kernel->renderException(Object(Illuminate\\Http\\Request), Object(ErrorException))
#20 F:\\PHP\\laragon\\www\\elitetailor\\index.php(72): Illuminate\\Foundation\\Http\\Kernel->handle(Object(Illuminate\\Http\\Request))
#21 {main}
"} 
[2023-03-10 03:52:05] production.ERROR: Uncaught Symfony\Component\Routing\Exception\RouteNotFoundException: Route [homepage] not defined. in F:\PHP\laragon\www\elitetailor\@core\vendor\laravel\framework\src\Illuminate\Routing\UrlGenerator.php:444
Stack trace:
#0 F:\PHP\laragon\www\elitetailor\@core\vendor\laravel\framework\src\Illuminate\Foundation\helpers.php(739): Illuminate\Routing\UrlGenerator->route('homepage', Array, true)
#1 F:\PHP\laragon\www\elitetailor\@core\storage\framework\views\286912b47884d09a5ad1b54baff0ee0d94abfeb1.php(139): route('homepage')
#2 F:\PHP\laragon\www\elitetailor\@core\vendor\laravel\framework\src\Illuminate\Filesystem\Filesystem.php(107): require('F:\\PHP\\laragon\\...')
#3 F:\PHP\laragon\www\elitetailor\@core\vendor\laravel\framework\src\Illuminate\Filesystem\Filesystem.php(108): Illuminate\Filesystem\Filesystem::Illuminate\Filesystem\{closure}()
#4 F:\PHP\laragon\www\elitetailor\@core\vendor\laravel\framework\src\Illuminate\View\Engines\PhpEngine.php(58): Illuminate\Filesystem\Filesystem->getRequire('F:\\PHP\\laragon\\...', Array)
#5 F:\PHP\laragon\www\elitetailor\@core\vendor\laravel\framework\src\Illuminate\View\Engines\CompilerEngine.php(61): Illuminate\View\Engines\PhpEngine->evaluatePath('F:\\PHP\\laragon\\...', Array)
#6 F:\PHP\laragon\www\elitetailor\@core\vendor\facade\ignition\src\Views\Engines\CompilerEngine.php(37): Illuminate\View\Engines\CompilerEngine->get('F:\\PHP\\laragon\\...', Array)
#7 F:\PHP\laragon\www\elitetailor\@core\vendor\laravel\framework\src\Illuminate\View\View.php(139): Facade\Ignition\Views\Engines\CompilerEngine->get('F:\\PHP\\laragon\\...', Array)
#8 F:\PHP\laragon\www\elitetailor\@core\vendor\laravel\framework\src\Illuminate\View\View.php(122): Illuminate\View\View->getContents()
#9 F:\PHP\laragon\www\elitetailor\@core\vendor\laravel\framework\src\Illuminate\View\View.php(91): Illuminate\View\View->renderContents()
#10 F:\PHP\laragon\www\elitetailor\@core\vendor\laravel\framework\src\Illuminate\Http\Response.php(69): Illuminate\View\View->render()
#11 F:\PHP\laragon\www\elitetailor\@core\vendor\laravel\framework\src\Illuminate\Http\Response.php(35): Illuminate\Http\Response->setContent(Object(Illuminate\View\View))
#12 F:\PHP\laragon\www\elitetailor\@core\vendor\laravel\framework\src\Illuminate\Routing\ResponseFactory.php(55): Illuminate\Http\Response->__construct(Object(Illuminate\View\View), 500, Array)
#13 F:\PHP\laragon\www\elitetailor\@core\vendor\laravel\framework\src\Illuminate\Routing\ResponseFactory.php(85): Illuminate\Routing\ResponseFactory->make(Object(Illuminate\View\View), 500, Array)
#14 F:\PHP\laragon\www\elitetailor\@core\vendor\laravel\framework\src\Illuminate\Foundation\Exceptions\Handler.php(585): Illuminate\Routing\ResponseFactory->view('errors::500', Array, 500, Array)
#15 F:\PHP\laragon\www\elitetailor\@core\vendor\laravel\framework\src\Illuminate\Foundation\Exceptions\Handler.php(490): Illuminate\Foundation\Exceptions\Handler->renderHttpException(Object(Symfony\Component\HttpKernel\Exception\HttpException))
#16 F:\PHP\laragon\www\elitetailor\@core\vendor\laravel\framework\src\Illuminate\Foundation\Exceptions\Handler.php(356): Illuminate\Foundation\Exceptions\Handler->prepareResponse(Object(Illuminate\Http\Request), Object(Symfony\Component\HttpKernel\Exception\HttpException))
#17 F:\PHP\laragon\www\elitetailor\@core\app\Exceptions\Handler.php(56): Illuminate\Foundation\Exceptions\Handler->render(Object(Illuminate\Http\Request), Object(Facade\Ignition\Exceptions\ViewException))
#18 F:\PHP\laragon\www\elitetailor\@core\vendor\laravel\framework\src\Illuminate\Foundation\Bootstrap\HandleExceptions.php(196): App\Exceptions\Handler->render(Object(Illuminate\Http\Request), Object(Facade\Ignition\Exceptions\ViewException))
#19 F:\PHP\laragon\www\elitetailor\@core\vendor\laravel\framework\src\Illuminate\Foundation\Bootstrap\HandleExceptions.php(173): Illuminate\Foundation\Bootstrap\HandleExceptions->renderHttpResponse(Object(Facade\Ignition\Exceptions\ViewException))
#20 [internal function]: Illuminate\Foundation\Bootstrap\HandleExceptions->handleException(Object(Facade\Ignition\Exceptions\ViewException))
#21 {main}

Next Facade\Ignition\Exceptions\ViewException: Route [homepage] not defined. (View: F:\PHP\laragon\www\elitetailor\@core\resources\views\errors\500.blade.php) in F:\PHP\laragon\www\elitetailor\@core\vendor\laravel\framework\src\Illuminate\Routing\UrlGenerator.php:444
Stack trace:
#0 F:\PHP\laragon\www\elitetailor\@core\vendor\laravel\framework\src\Illuminate\Foundation\helpers.php(739): Illuminate\Routing\UrlGenerator->route('homepage', Array, true)
#1 F:\PHP\laragon\www\elitetailor\@core\resources\views/errors/500.blade.php(139): route('homepage')
#2 F:\PHP\laragon\www\elitetailor\@core\vendor\laravel\framework\src\Illuminate\Filesystem\Filesystem.php(107): require('F:\\PHP\\laragon\\...')
#3 F:\PHP\laragon\www\elitetailor\@core\vendor\laravel\framework\src\Illuminate\Filesystem\Filesystem.php(108): Illuminate\Filesystem\Filesystem::Illuminate\Filesystem\{closure}()
#4 F:\PHP\laragon\www\elitetailor\@core\vendor\laravel\framework\src\Illuminate\View\Engines\PhpEngine.php(58): Illuminate\Filesystem\Filesystem->getRequire('F:\\PHP\\laragon\\...', Array)
#5 F:\PHP\laragon\www\elitetailor\@core\vendor\laravel\framework\src\Illuminate\View\Engines\CompilerEngine.php(61): Illuminate\View\Engines\PhpEngine->evaluatePath('F:\\PHP\\laragon\\...', Array)
#6 F:\PHP\laragon\www\elitetailor\@core\vendor\facade\ignition\src\Views\Engines\CompilerEngine.php(37): Illuminate\View\Engines\CompilerEngine->get('F:\\PHP\\laragon\\...', Array)
#7 F:\PHP\laragon\www\elitetailor\@core\vendor\laravel\framework\src\Illuminate\View\View.php(139): Facade\Ignition\Views\Engines\CompilerEngine->get('F:\\PHP\\laragon\\...', Array)
#8 F:\PHP\laragon\www\elitetailor\@core\vendor\laravel\framework\src\Illuminate\View\View.php(122): Illuminate\View\View->getContents()
#9 F:\PHP\laragon\www\elitetailor\@core\vendor\laravel\framework\src\Illuminate\View\View.php(91): Illuminate\View\View->renderContents()
#10 F:\PHP\laragon\www\elitetailor\@core\vendor\laravel\framework\src\Illuminate\Http\Response.php(69): Illuminate\View\View->render()
#11 F:\PHP\laragon\www\elitetailor\@core\vendor\laravel\framework\src\Illuminate\Http\Response.php(35): Illuminate\Http\Response->setContent(Object(Illuminate\View\View))
#12 F:\PHP\laragon\www\elitetailor\@core\vendor\laravel\framework\src\Illuminate\Routing\ResponseFactory.php(55): Illuminate\Http\Response->__construct(Object(Illuminate\View\View), 500, Array)
#13 F:\PHP\laragon\www\elitetailor\@core\vendor\laravel\framework\src\Illuminate\Routing\ResponseFactory.php(85): Illuminate\Routing\ResponseFactory->make(Object(Illuminate\View\View), 500, Array)
#14 F:\PHP\laragon\www\elitetailor\@core\vendor\laravel\framework\src\Illuminate\Foundation\Exceptions\Handler.php(585): Illuminate\Routing\ResponseFactory->view('errors::500', Array, 500, Array)
#15 F:\PHP\laragon\www\elitetailor\@core\vendor\laravel\framework\src\Illuminate\Foundation\Exceptions\Handler.php(490): Illuminate\Foundation\Exceptions\Handler->renderHttpException(Object(Symfony\Component\HttpKernel\Exception\HttpException))
#16 F:\PHP\laragon\www\elitetailor\@core\vendor\laravel\framework\src\Illuminate\Foundation\Exceptions\Handler.php(356): Illuminate\Foundation\Exceptions\Handler->prepareResponse(Object(Illuminate\Http\Request), Object(Symfony\Component\HttpKernel\Exception\HttpException))
#17 F:\PHP\laragon\www\elitetailor\@core\app\Exceptions\Handler.php(56): Illuminate\Foundation\Exceptions\Handler->render(Object(Illuminate\Http\Request), Object(Facade\Ignition\Exceptions\ViewException))
#18 F:\PHP\laragon\www\elitetailor\@core\vendor\laravel\framework\src\Illuminate\Foundation\Bootstrap\HandleExceptions.php(196): App\Exceptions\Handler->render(Object(Illuminate\Http\Request), Object(Facade\Ignition\Exceptions\ViewException))
#19 F:\PHP\laragon\www\elitetailor\@core\vendor\laravel\framework\src\Illuminate\Foundation\Bootstrap\HandleExceptions.php(173): Illuminate\Foundation\Bootstrap\HandleExceptions->renderHttpResponse(Object(Facade\Ignition\Exceptions\ViewException))
#20 [internal function]: Illuminate\Foundation\Bootstrap\HandleExceptions->handleException(Object(Facade\Ignition\Exceptions\ViewException))
#21 {main}
  thrown {"exception":"[object] (Symfony\\Component\\ErrorHandler\\Error\\FatalError(code: 0): Uncaught Symfony\\Component\\Routing\\Exception\\RouteNotFoundException: Route [homepage] not defined. in F:\\PHP\\laragon\\www\\elitetailor\\@core\\vendor\\laravel\\framework\\src\\Illuminate\\Routing\\UrlGenerator.php:444
Stack trace:
#0 F:\\PHP\\laragon\\www\\elitetailor\\@core\\vendor\\laravel\\framework\\src\\Illuminate\\Foundation\\helpers.php(739): Illuminate\\Routing\\UrlGenerator->route('homepage', Array, true)
#1 F:\\PHP\\laragon\\www\\elitetailor\\@core\\storage\\framework\\views\\286912b47884d09a5ad1b54baff0ee0d94abfeb1.php(139): route('homepage')
#2 F:\\PHP\\laragon\\www\\elitetailor\\@core\\vendor\\laravel\\framework\\src\\Illuminate\\Filesystem\\Filesystem.php(107): require('F:\\\\PHP\\\\laragon\\\\...')
#3 F:\\PHP\\laragon\\www\\elitetailor\\@core\\vendor\\laravel\\framework\\src\\Illuminate\\Filesystem\\Filesystem.php(108): Illuminate\\Filesystem\\Filesystem::Illuminate\\Filesystem\\{closure}()
#4 F:\\PHP\\laragon\\www\\elitetailor\\@core\\vendor\\laravel\\framework\\src\\Illuminate\\View\\Engines\\PhpEngine.php(58): Illuminate\\Filesystem\\Filesystem->getRequire('F:\\\\PHP\\\\laragon\\\\...', Array)
#5 F:\\PHP\\laragon\\www\\elitetailor\\@core\\vendor\\laravel\\framework\\src\\Illuminate\\View\\Engines\\CompilerEngine.php(61): Illuminate\\View\\Engines\\PhpEngine->evaluatePath('F:\\\\PHP\\\\laragon\\\\...', Array)
#6 F:\\PHP\\laragon\\www\\elitetailor\\@core\\vendor\\facade\\ignition\\src\\Views\\Engines\\CompilerEngine.php(37): Illuminate\\View\\Engines\\CompilerEngine->get('F:\\\\PHP\\\\laragon\\\\...', Array)
#7 F:\\PHP\\laragon\\www\\elitetailor\\@core\\vendor\\laravel\\framework\\src\\Illuminate\\View\\View.php(139): Facade\\Ignition\\Views\\Engines\\CompilerEngine->get('F:\\\\PHP\\\\laragon\\\\...', Array)
#8 F:\\PHP\\laragon\\www\\elitetailor\\@core\\vendor\\laravel\\framework\\src\\Illuminate\\View\\View.php(122): Illuminate\\View\\View->getContents()
#9 F:\\PHP\\laragon\\www\\elitetailor\\@core\\vendor\\laravel\\framework\\src\\Illuminate\\View\\View.php(91): Illuminate\\View\\View->renderContents()
#10 F:\\PHP\\laragon\\www\\elitetailor\\@core\\vendor\\laravel\\framework\\src\\Illuminate\\Http\\Response.php(69): Illuminate\\View\\View->render()
#11 F:\\PHP\\laragon\\www\\elitetailor\\@core\\vendor\\laravel\\framework\\src\\Illuminate\\Http\\Response.php(35): Illuminate\\Http\\Response->setContent(Object(Illuminate\\View\\View))
#12 F:\\PHP\\laragon\\www\\elitetailor\\@core\\vendor\\laravel\\framework\\src\\Illuminate\\Routing\\ResponseFactory.php(55): Illuminate\\Http\\Response->__construct(Object(Illuminate\\View\\View), 500, Array)
#13 F:\\PHP\\laragon\\www\\elitetailor\\@core\\vendor\\laravel\\framework\\src\\Illuminate\\Routing\\ResponseFactory.php(85): Illuminate\\Routing\\ResponseFactory->make(Object(Illuminate\\View\\View), 500, Array)
#14 F:\\PHP\\laragon\\www\\elitetailor\\@core\\vendor\\laravel\\framework\\src\\Illuminate\\Foundation\\Exceptions\\Handler.php(585): Illuminate\\Routing\\ResponseFactory->view('errors::500', Array, 500, Array)
#15 F:\\PHP\\laragon\\www\\elitetailor\\@core\\vendor\\laravel\\framework\\src\\Illuminate\\Foundation\\Exceptions\\Handler.php(490): Illuminate\\Foundation\\Exceptions\\Handler->renderHttpException(Object(Symfony\\Component\\HttpKernel\\Exception\\HttpException))
#16 F:\\PHP\\laragon\\www\\elitetailor\\@core\\vendor\\laravel\\framework\\src\\Illuminate\\Foundation\\Exceptions\\Handler.php(356): Illuminate\\Foundation\\Exceptions\\Handler->prepareResponse(Object(Illuminate\\Http\\Request), Object(Symfony\\Component\\HttpKernel\\Exception\\HttpException))
#17 F:\\PHP\\laragon\\www\\elitetailor\\@core\\app\\Exceptions\\Handler.php(56): Illuminate\\Foundation\\Exceptions\\Handler->render(Object(Illuminate\\Http\\Request), Object(Facade\\Ignition\\Exceptions\\ViewException))
#18 F:\\PHP\\laragon\\www\\elitetailor\\@core\\vendor\\laravel\\framework\\src\\Illuminate\\Foundation\\Bootstrap\\HandleExceptions.php(196): App\\Exceptions\\Handler->render(Object(Illuminate\\Http\\Request), Object(Facade\\Ignition\\Exceptions\\ViewException))
#19 F:\\PHP\\laragon\\www\\elitetailor\\@core\\vendor\\laravel\\framework\\src\\Illuminate\\Foundation\\Bootstrap\\HandleExceptions.php(173): Illuminate\\Foundation\\Bootstrap\\HandleExceptions->renderHttpResponse(Object(Facade\\Ignition\\Exceptions\\ViewException))
#20 [internal function]: Illuminate\\Foundation\\Bootstrap\\HandleExceptions->handleException(Object(Facade\\Ignition\\Exceptions\\ViewException))
#21 {main}

Next Facade\\Ignition\\Exceptions\\ViewException: Route [homepage] not defined. (View: F:\\PHP\\laragon\\www\\elitetailor\\@core\esources\\views\\errors\\500.blade.php) in F:\\PHP\\laragon\\www\\elitetailor\\@core\\vendor\\laravel\\framework\\src\\Illuminate\\Routing\\UrlGenerator.php:444
Stack trace:
#0 F:\\PHP\\laragon\\www\\elitetailor\\@core\\vendor\\laravel\\framework\\src\\Illuminate\\Foundation\\helpers.php(739): Illuminate\\Routing\\UrlGenerator->route('homepage', Array, true)
#1 F:\\PHP\\laragon\\www\\elitetailor\\@core\esources\\views/errors/500.blade.php(139): route('homepage')
#2 F:\\PHP\\laragon\\www\\elitetailor\\@core\\vendor\\laravel\\framework\\src\\Illuminate\\Filesystem\\Filesystem.php(107): require('F:\\\\PHP\\\\laragon\\\\...')
#3 F:\\PHP\\laragon\\www\\elitetailor\\@core\\vendor\\laravel\\framework\\src\\Illuminate\\Filesystem\\Filesystem.php(108): Illuminate\\Filesystem\\Filesystem::Illuminate\\Filesystem\\{closure}()
#4 F:\\PHP\\laragon\\www\\elitetailor\\@core\\vendor\\laravel\\framework\\src\\Illuminate\\View\\Engines\\PhpEngine.php(58): Illuminate\\Filesystem\\Filesystem->getRequire('F:\\\\PHP\\\\laragon\\\\...', Array)
#5 F:\\PHP\\laragon\\www\\elitetailor\\@core\\vendor\\laravel\\framework\\src\\Illuminate\\View\\Engines\\CompilerEngine.php(61): Illuminate\\View\\Engines\\PhpEngine->evaluatePath('F:\\\\PHP\\\\laragon\\\\...', Array)
#6 F:\\PHP\\laragon\\www\\elitetailor\\@core\\vendor\\facade\\ignition\\src\\Views\\Engines\\CompilerEngine.php(37): Illuminate\\View\\Engines\\CompilerEngine->get('F:\\\\PHP\\\\laragon\\\\...', Array)
#7 F:\\PHP\\laragon\\www\\elitetailor\\@core\\vendor\\laravel\\framework\\src\\Illuminate\\View\\View.php(139): Facade\\Ignition\\Views\\Engines\\CompilerEngine->get('F:\\\\PHP\\\\laragon\\\\...', Array)
#8 F:\\PHP\\laragon\\www\\elitetailor\\@core\\vendor\\laravel\\framework\\src\\Illuminate\\View\\View.php(122): Illuminate\\View\\View->getContents()
#9 F:\\PHP\\laragon\\www\\elitetailor\\@core\\vendor\\laravel\\framework\\src\\Illuminate\\View\\View.php(91): Illuminate\\View\\View->renderContents()
#10 F:\\PHP\\laragon\\www\\elitetailor\\@core\\vendor\\laravel\\framework\\src\\Illuminate\\Http\\Response.php(69): Illuminate\\View\\View->render()
#11 F:\\PHP\\laragon\\www\\elitetailor\\@core\\vendor\\laravel\\framework\\src\\Illuminate\\Http\\Response.php(35): Illuminate\\Http\\Response->setContent(Object(Illuminate\\View\\View))
#12 F:\\PHP\\laragon\\www\\elitetailor\\@core\\vendor\\laravel\\framework\\src\\Illuminate\\Routing\\ResponseFactory.php(55): Illuminate\\Http\\Response->__construct(Object(Illuminate\\View\\View), 500, Array)
#13 F:\\PHP\\laragon\\www\\elitetailor\\@core\\vendor\\laravel\\framework\\src\\Illuminate\\Routing\\ResponseFactory.php(85): Illuminate\\Routing\\ResponseFactory->make(Object(Illuminate\\View\\View), 500, Array)
#14 F:\\PHP\\laragon\\www\\elitetailor\\@core\\vendor\\laravel\\framework\\src\\Illuminate\\Foundation\\Exceptions\\Handler.php(585): Illuminate\\Routing\\ResponseFactory->view('errors::500', Array, 500, Array)
#15 F:\\PHP\\laragon\\www\\elitetailor\\@core\\vendor\\laravel\\framework\\src\\Illuminate\\Foundation\\Exceptions\\Handler.php(490): Illuminate\\Foundation\\Exceptions\\Handler->renderHttpException(Object(Symfony\\Component\\HttpKernel\\Exception\\HttpException))
#16 F:\\PHP\\laragon\\www\\elitetailor\\@core\\vendor\\laravel\\framework\\src\\Illuminate\\Foundation\\Exceptions\\Handler.php(356): Illuminate\\Foundation\\Exceptions\\Handler->prepareResponse(Object(Illuminate\\Http\\Request), Object(Symfony\\Component\\HttpKernel\\Exception\\HttpException))
#17 F:\\PHP\\laragon\\www\\elitetailor\\@core\\app\\Exceptions\\Handler.php(56): Illuminate\\Foundation\\Exceptions\\Handler->render(Object(Illuminate\\Http\\Request), Object(Facade\\Ignition\\Exceptions\\ViewException))
#18 F:\\PHP\\laragon\\www\\elitetailor\\@core\\vendor\\laravel\\framework\\src\\Illuminate\\Foundation\\Bootstrap\\HandleExceptions.php(196): App\\Exceptions\\Handler->render(Object(Illuminate\\Http\\Request), Object(Facade\\Ignition\\Exceptions\\ViewException))
#19 F:\\PHP\\laragon\\www\\elitetailor\\@core\\vendor\\laravel\\framework\\src\\Illuminate\\Foundation\\Bootstrap\\HandleExceptions.php(173): Illuminate\\Foundation\\Bootstrap\\HandleExceptions->renderHttpResponse(Object(Facade\\Ignition\\Exceptions\\ViewException))
#20 [internal function]: Illuminate\\Foundation\\Bootstrap\\HandleExceptions->handleException(Object(Facade\\Ignition\\Exceptions\\ViewException))
#21 {main}
  thrown at F:\\PHP\\laragon\\www\\elitetailor\\@core\\vendor\\laravel\\framework\\src\\Illuminate\\Routing\\UrlGenerator.php:444)
[stacktrace]
#0 {main}
"} 
