[2023-03-14 07:11:37] production.ERROR: Unable to prepare route [admin-home/appearance-settings/topbar/all] for serialization. Another route has already been assigned name [admin.topbar.settings]. {"exception":"[object] (LogicException(code: 0): Unable to prepare route [admin-home/appearance-settings/topbar/all] for serialization. Another route has already been assigned name [admin.topbar.settings]. at /home/eli04190/public_html/@core/vendor/laravel/framework/src/Illuminate/Routing/AbstractRouteCollection.php:218)
[stacktrace]
#0 /home/eli04190/public_html/@core/vendor/laravel/framework/src/Illuminate/Routing/AbstractRouteCollection.php(179): Illuminate\\Routing\\AbstractRouteCollection->addToSymfonyRoutesCollection()
#1 /home/eli04190/public_html/@core/vendor/laravel/framework/src/Illuminate/Routing/RouteCollection.php(246): Illuminate\\Routing\\AbstractRouteCollection->toSymfonyRouteCollection()
#2 /home/eli04190/public_html/@core/vendor/laravel/framework/src/Illuminate/Routing/AbstractRouteCollection.php(163): Illuminate\\Routing\\RouteCollection->toSymfonyRouteCollection()
#3 /home/eli04190/public_html/@core/vendor/laravel/framework/src/Illuminate/Routing/AbstractRouteCollection.php(134): Illuminate\\Routing\\AbstractRouteCollection->dumper()
#4 /home/eli04190/public_html/@core/vendor/laravel/framework/src/Illuminate/Foundation/Console/RouteCacheCommand.php(107): Illuminate\\Routing\\AbstractRouteCollection->compile()
#5 /home/eli04190/public_html/@core/vendor/laravel/framework/src/Illuminate/Foundation/Console/RouteCacheCommand.php(66): Illuminate\\Foundation\\Console\\RouteCacheCommand->buildRouteCacheFile()
#6 /home/eli04190/public_html/@core/vendor/laravel/framework/src/Illuminate/Container/BoundMethod.php(36): Illuminate\\Foundation\\Console\\RouteCacheCommand->handle()
#7 /home/eli04190/public_html/@core/vendor/laravel/framework/src/Illuminate/Container/Util.php(40): Illuminate\\Container\\BoundMethod::Illuminate\\Container\\{closure}()
#8 /home/eli04190/public_html/@core/vendor/laravel/framework/src/Illuminate/Container/BoundMethod.php(93): Illuminate\\Container\\Util::unwrapIfClosure()
#9 /home/eli04190/public_html/@core/vendor/laravel/framework/src/Illuminate/Container/BoundMethod.php(37): Illuminate\\Container\\BoundMethod::callBoundMethod()
#10 /home/eli04190/public_html/@core/vendor/laravel/framework/src/Illuminate/Container/Container.php(653): Illuminate\\Container\\BoundMethod::call()
#11 /home/eli04190/public_html/@core/vendor/laravel/framework/src/Illuminate/Console/Command.php(136): Illuminate\\Container\\Container->call()
#12 /home/eli04190/public_html/@core/vendor/symfony/console/Command/Command.php(298): Illuminate\\Console\\Command->execute()
#13 /home/eli04190/public_html/@core/vendor/laravel/framework/src/Illuminate/Console/Command.php(121): Symfony\\Component\\Console\\Command\\Command->run()
#14 /home/eli04190/public_html/@core/vendor/laravel/framework/src/Illuminate/Console/Concerns/CallsCommands.php(68): Illuminate\\Console\\Command->run()
#15 /home/eli04190/public_html/@core/vendor/laravel/framework/src/Illuminate/Console/Concerns/CallsCommands.php(28): Illuminate\\Console\\Command->runCommand()
#16 /home/eli04190/public_html/@core/vendor/laravel/framework/src/Illuminate/Foundation/Console/OptimizeCommand.php(31): Illuminate\\Console\\Command->call()
#17 /home/eli04190/public_html/@core/vendor/laravel/framework/src/Illuminate/Container/BoundMethod.php(36): Illuminate\\Foundation\\Console\\OptimizeCommand->handle()
#18 /home/eli04190/public_html/@core/vendor/laravel/framework/src/Illuminate/Container/Util.php(40): Illuminate\\Container\\BoundMethod::Illuminate\\Container\\{closure}()
#19 /home/eli04190/public_html/@core/vendor/laravel/framework/src/Illuminate/Container/BoundMethod.php(93): Illuminate\\Container\\Util::unwrapIfClosure()
#20 /home/eli04190/public_html/@core/vendor/laravel/framework/src/Illuminate/Container/BoundMethod.php(37): Illuminate\\Container\\BoundMethod::callBoundMethod()
#21 /home/eli04190/public_html/@core/vendor/laravel/framework/src/Illuminate/Container/Container.php(653): Illuminate\\Container\\BoundMethod::call()
#22 /home/eli04190/public_html/@core/vendor/laravel/framework/src/Illuminate/Console/Command.php(136): Illuminate\\Container\\Container->call()
#23 /home/eli04190/public_html/@core/vendor/symfony/console/Command/Command.php(298): Illuminate\\Console\\Command->execute()
#24 /home/eli04190/public_html/@core/vendor/laravel/framework/src/Illuminate/Console/Command.php(121): Symfony\\Component\\Console\\Command\\Command->run()
#25 /home/eli04190/public_html/@core/vendor/symfony/console/Application.php(1015): Illuminate\\Console\\Command->run()
#26 /home/eli04190/public_html/@core/vendor/symfony/console/Application.php(299): Symfony\\Component\\Console\\Application->doRunCommand()
#27 /home/eli04190/public_html/@core/vendor/symfony/console/Application.php(171): Symfony\\Component\\Console\\Application->doRun()
#28 /home/eli04190/public_html/@core/vendor/laravel/framework/src/Illuminate/Console/Application.php(94): Symfony\\Component\\Console\\Application->run()
#29 /home/eli04190/public_html/@core/vendor/laravel/framework/src/Illuminate/Foundation/Console/Kernel.php(129): Illuminate\\Console\\Application->run()
#30 /home/eli04190/public_html/@core/artisan(37): Illuminate\\Foundation\\Console\\Kernel->handle()
#31 {main}
"} 
